<?xml version="1.0" encoding="UTF-8"?>
<testng-results ignored="0" total="1" passed="1" failed="0" skipped="0">
  <reporter-output>
  </reporter-output>
  <suite started-at="2025-08-14T14:10:02 BST" name="Default suite" finished-at="2025-08-14T14:10:05 BST" duration-ms="2999">
    <groups>
      <group name="cucumber">
        <method signature="AbstractTestNGCucumberTests.runScenario(io.cucumber.testng.PickleWrapper,io.cucumber.testng.FeatureWrapper)[pri:0, instance:TestRunner.EcommerceFeatureRunner@d35dea7]" name="runScenario" class="io.cucumber.testng.AbstractTestNGCucumberTests"/>
      </group> <!-- cucumber -->
    </groups>
    <test started-at="2025-08-14T14:10:02 BST" name="Default test" finished-at="2025-08-14T14:10:05 BST" duration-ms="2999">
      <class name="TestRunner.EcommerceFeatureRunner">
        <test-method is-config="true" signature="setUpClass(org.testng.ITestContext)[pri:0, instance:TestRunner.EcommerceFeatureRunner@d35dea7]" started-at="2025-08-14T14:10:02 BST" name="setUpClass" finished-at="2025-08-14T14:10:02 BST" duration-ms="153" status="PASS">
          <params>
            <param index="0">
              <value>
                <![CDATA[org.testng.TestRunner@2c0b4c83]]>
              </value>
            </param>
          </params>
          <reporter-output>
          </reporter-output>
        </test-method> <!-- setUpClass -->
        <test-method signature="runScenario(io.cucumber.testng.PickleWrapper,io.cucumber.testng.FeatureWrapper)[pri:0, instance:TestRunner.EcommerceFeatureRunner@d35dea7]" started-at="2025-08-14T14:10:02 BST" name="runScenario" description="Runs Cucumber Scenarios" data-provider="scenarios" finished-at="2025-08-14T14:10:05 BST" duration-ms="2825" status="PASS">
          <params>
            <param index="0">
              <value>
                <![CDATA["A user can successfully complete a purchase"]]>
              </value>
            </param>
            <param index="1">
              <value>
                <![CDATA["Add to Cart and Checkout Functionality"]]>
              </value>
            </param>
          </params>
          <reporter-output>
          </reporter-output>
        </test-method> <!-- runScenario -->
        <test-method is-config="true" signature="tearDownClass()[pri:0, instance:TestRunner.EcommerceFeatureRunner@d35dea7]" started-at="2025-08-14T14:10:05 BST" name="tearDownClass" finished-at="2025-08-14T14:10:05 BST" duration-ms="8" status="PASS">
          <reporter-output>
          </reporter-output>
        </test-method> <!-- tearDownClass -->
      </class> <!-- TestRunner.EcommerceFeatureRunner -->
    </test> <!-- Default test -->
  </suite> <!-- Default suite -->
</testng-results>
